{"D:\\coding\\mahmoud\\kiwe_assignment\\src\\config\\db.ts": {"path":"D:\\coding\\mahmoud\\kiwe_assignment\\src\\config\\db.ts","statementMap":{"0":{"start":{"line":1,"column":0},"end":{"line":1,"column":49}},"1":{"start":{"line":2,"column":0},"end":{"line":2,"column":26}},"2":{"start":{"line":3,"column":0},"end":{"line":3,"column":31}},"3":{"start":{"line":6,"column":13},"end":{"line":12,"column":3}},"4":{"start":{"line":14,"column":16},"end":{"line":14,"column":45}},"5":{"start":{"line":16,"column":13},"end":{"line":16,"column":52}}},"fnMap":{},"branchMap":{},"s":{"0":4,"1":4,"2":4,"3":4,"4":4,"5":4},"f":{},"b":{}}
,"D:\\coding\\mahmoud\\kiwe_assignment\\src\\config\\env.ts": {"path":"D:\\coding\\mahmoud\\kiwe_assignment\\src\\config\\env.ts","statementMap":{"0":{"start":{"line":19,"column":0},"end":{"line":19,"column":16}},"1":{"start":{"line":1,"column":0},"end":{"line":1,"column":34}},"2":{"start":{"line":3,"column":21},"end":{"line":17,"column":2}},"3":{"start":{"line":20,"column":2},"end":{"line":27,"column":3}},"4":{"start":{"line":21,"column":4},"end":{"line":21,"column":43}},"5":{"start":{"line":23,"column":16},"end":{"line":23,"column":33}},"6":{"start":{"line":24,"column":27},"end":{"line":24,"column":101}},"7":{"start":{"line":24,"column":49},"end":{"line":24,"column":100}},"8":{"start":{"line":25,"column":4},"end":{"line":25,"column":64}},"9":{"start":{"line":26,"column":4},"end":{"line":26,"column":20}},"10":{"start":{"line":30,"column":13},"end":{"line":30,"column":34}}},"fnMap":{"0":{"name":"getConfig","decl":{"start":{"line":19,"column":16},"end":{"line":19,"column":25}},"loc":{"start":{"line":19,"column":25},"end":{"line":28,"column":1}}},"1":{"name":"(anonymous_1)","decl":{"start":{"line":24,"column":42},"end":{"line":24,"column":43}},"loc":{"start":{"line":24,"column":49},"end":{"line":24,"column":100}}}},"branchMap":{},"s":{"0":13,"1":13,"2":13,"3":14,"4":14,"5":1,"6":1,"7":5,"8":1,"9":1,"10":13},"f":{"0":14,"1":5},"b":{}}
,"D:\\coding\\mahmoud\\kiwe_assignment\\src\\config\\index.ts": {"path":"D:\\coding\\mahmoud\\kiwe_assignment\\src\\config\\index.ts","statementMap":{"0":{"start":{"line":1,"column":0},"end":{"line":1,"column":31}},"1":{"start":{"line":3,"column":0},"end":{"line":3,"column":22}}},"fnMap":{},"branchMap":{},"s":{"0":6,"1":6},"f":{},"b":{}}
,"D:\\coding\\mahmoud\\kiwe_assignment\\src\\config\\redis.ts": {"path":"D:\\coding\\mahmoud\\kiwe_assignment\\src\\config\\redis.ts","statementMap":{"0":{"start":{"line":1,"column":0},"end":{"line":1,"column":28}},"1":{"start":{"line":2,"column":0},"end":{"line":2,"column":44}},"2":{"start":{"line":3,"column":0},"end":{"line":3,"column":31}},"3":{"start":{"line":5,"column":14},"end":{"line":8,"column":2}},"4":{"start":{"line":10,"column":0},"end":{"line":12,"column":3}},"5":{"start":{"line":11,"column":2},"end":{"line":11,"column":20}},"6":{"start":{"line":14,"column":0},"end":{"line":14,"column":21}}},"fnMap":{"0":{"name":"(anonymous_1)","decl":{"start":{"line":10,"column":18},"end":{"line":10,"column":19}},"loc":{"start":{"line":10,"column":26},"end":{"line":12,"column":1}}}},"branchMap":{},"s":{"0":2,"1":2,"2":2,"3":2,"4":2,"5":0,"6":2},"f":{"0":0},"b":{}}
,"D:\\coding\\mahmoud\\kiwe_assignment\\src\\features\\auth\\controllers\\auth.controller.ts": {"path":"D:\\coding\\mahmoud\\kiwe_assignment\\src\\features\\auth\\controllers\\auth.controller.ts","statementMap":{"0":{"start":{"line":2,"column":0},"end":{"line":2,"column":80}},"1":{"start":{"line":3,"column":0},"end":{"line":3,"column":75}},"2":{"start":{"line":4,"column":0},"end":{"line":4,"column":55}},"3":{"start":{"line":6,"column":0},"end":{"line":6,"column":60}},"4":{"start":{"line":10,"column":30},"end":{"line":10,"column":54}},"5":{"start":{"line":11,"column":4},"end":{"line":11,"column":39}},"6":{"start":{"line":17,"column":33},"end":{"line":17,"column":41}},"7":{"start":{"line":18,"column":28},"end":{"line":18,"column":65}},"8":{"start":{"line":19,"column":39},"end":{"line":26,"column":6}},"9":{"start":{"line":27,"column":4},"end":{"line":27,"column":42}},"10":{"start":{"line":16,"column":8},"end":{"line":28,"column":null}},"11":{"start":{"line":31,"column":0},"end":{"line":31,"column":30}}},"fnMap":{"0":{"name":"(anonymous_3)","decl":{"start":{"line":10,"column":2},"end":{"line":10,"column":30}},"loc":{"start":{"line":10,"column":54},"end":{"line":12,"column":3}}},"1":{"name":"(anonymous_4)","decl":{"start":{"line":16,"column":2},"end":{"line":16,"column":7}},"loc":{"start":{"line":16,"column":41},"end":{"line":28,"column":3}}}},"branchMap":{},"s":{"0":1,"1":1,"2":1,"3":1,"4":2,"5":2,"6":2,"7":2,"8":1,"9":1,"10":1,"11":1},"f":{"0":2,"1":2},"b":{}}
,"D:\\coding\\mahmoud\\kiwe_assignment\\src\\features\\auth\\services\\auth.service.ts": {"path":"D:\\coding\\mahmoud\\kiwe_assignment\\src\\features\\auth\\services\\auth.service.ts","statementMap":{"0":{"start":{"line":1,"column":0},"end":{"line":1,"column":28}},"1":{"start":{"line":2,"column":0},"end":{"line":2,"column":31}},"2":{"start":{"line":3,"column":0},"end":{"line":3,"column":54}},"3":{"start":{"line":4,"column":0},"end":{"line":4,"column":62}},"4":{"start":{"line":6,"column":0},"end":{"line":6,"column":37}},"5":{"start":{"line":12,"column":31},"end":{"line":12,"column":55}},"6":{"start":{"line":15,"column":17},"end":{"line":15,"column":69}},"7":{"start":{"line":16,"column":4},"end":{"line":18,"column":5}},"8":{"start":{"line":17,"column":6},"end":{"line":17,"column":73}},"9":{"start":{"line":19,"column":28},"end":{"line":19,"column":96}},"10":{"start":{"line":20,"column":4},"end":{"line":22,"column":5}},"11":{"start":{"line":21,"column":6},"end":{"line":21,"column":73}},"12":{"start":{"line":23,"column":18},"end":{"line":23,"column":40}},"13":{"start":{"line":24,"column":4},"end":{"line":24,"column":27}},"14":{"start":{"line":28,"column":4},"end":{"line":28,"column":58}},"15":{"start":{"line":32,"column":18},"end":{"line":40,"column":null}},"16":{"start":{"line":42,"column":4},"end":{"line":42,"column":17}},"17":{"start":{"line":46,"column":4},"end":{"line":51,"column":5}},"18":{"start":{"line":47,"column":27},"end":{"line":47,"column":79}},"19":{"start":{"line":48,"column":6},"end":{"line":48,"column":37}},"20":{"start":{"line":50,"column":6},"end":{"line":50,"column":67}},"21":{"start":{"line":55,"column":0},"end":{"line":55,"column":27}}},"fnMap":{"0":{"name":"(anonymous_1)","decl":{"start":{"line":12,"column":2},"end":{"line":12,"column":31}},"loc":{"start":{"line":12,"column":55},"end":{"line":12,"column":59}}},"1":{"name":"(anonymous_2)","decl":{"start":{"line":14,"column":9},"end":{"line":14,"column":14}},"loc":{"start":{"line":14,"column":69},"end":{"line":25,"column":3}}},"2":{"name":"(anonymous_3)","decl":{"start":{"line":27,"column":10},"end":{"line":27,"column":15}},"loc":{"start":{"line":27,"column":72},"end":{"line":29,"column":3}}},"3":{"name":"(anonymous_4)","decl":{"start":{"line":31,"column":10},"end":{"line":31,"column":21}},"loc":{"start":{"line":31,"column":32},"end":{"line":43,"column":3}}},"4":{"name":"(anonymous_5)","decl":{"start":{"line":45,"column":9},"end":{"line":45,"column":15}},"loc":{"start":{"line":45,"column":41},"end":{"line":52,"column":3}}}},"branchMap":{"0":{"loc":{"start":{"line":16,"column":4},"end":{"line":18,"column":5}},"type":"if","locations":[{"start":{"line":16,"column":4},"end":{"line":18,"column":5}}]},"1":{"loc":{"start":{"line":20,"column":4},"end":{"line":22,"column":5}},"type":"if","locations":[{"start":{"line":20,"column":4},"end":{"line":22,"column":5}}]}},"s":{"0":2,"1":2,"2":2,"3":2,"4":2,"5":2,"6":2,"7":2,"8":1,"9":1,"10":1,"11":0,"12":1,"13":1,"14":1,"15":1,"16":1,"17":0,"18":0,"19":0,"20":0,"21":2},"f":{"0":2,"1":2,"2":1,"3":1,"4":0},"b":{"0":[1],"1":[0]}}
,"D:\\coding\\mahmoud\\kiwe_assignment\\src\\features\\auth\\validation\\login.rule.ts": {"path":"D:\\coding\\mahmoud\\kiwe_assignment\\src\\features\\auth\\validation\\login.rule.ts","statementMap":{"0":{"start":{"line":1,"column":0},"end":{"line":1,"column":24}},"1":{"start":{"line":3,"column":13},"end":{"line":6,"column":3}}},"fnMap":{},"branchMap":{},"s":{"0":1,"1":1},"f":{},"b":{}}
,"D:\\coding\\mahmoud\\kiwe_assignment\\src\\features\\user\\repositories\\userRepository.ts": {"path":"D:\\coding\\mahmoud\\kiwe_assignment\\src\\features\\user\\repositories\\userRepository.ts","statementMap":{"0":{"start":{"line":1,"column":0},"end":{"line":1,"column":40}},"1":{"start":{"line":6,"column":17},"end":{"line":6,"column":103}},"2":{"start":{"line":7,"column":4},"end":{"line":7,"column":24}},"3":{"start":{"line":11,"column":0},"end":{"line":11,"column":30}}},"fnMap":{"0":{"name":"(anonymous_0)","decl":{"start":{"line":5,"column":9},"end":{"line":5,"column":14}},"loc":{"start":{"line":5,"column":39},"end":{"line":8,"column":3}}}},"branchMap":{"0":{"loc":{"start":{"line":7,"column":11},"end":{"line":7,"column":23}},"type":"binary-expr","locations":[{"start":{"line":7,"column":11},"end":{"line":7,"column":15}},{"start":{"line":7,"column":19},"end":{"line":7,"column":23}}]}},"s":{"0":2,"1":0,"2":0,"3":2},"f":{"0":0},"b":{"0":[0,0]}}
,"D:\\coding\\mahmoud\\kiwe_assignment\\src\\features\\user\\services\\user.service.ts": {"path":"D:\\coding\\mahmoud\\kiwe_assignment\\src\\features\\user\\services\\user.service.ts","statementMap":{"0":{"start":{"line":1,"column":0},"end":{"line":1,"column":39}},"1":{"start":{"line":4,"column":0},"end":{"line":4,"column":60}},"2":{"start":{"line":6,"column":0},"end":{"line":12,"column":null}},"3":{"start":{"line":8,"column":31},"end":{"line":8,"column":47}},"4":{"start":{"line":10,"column":4},"end":{"line":10,"column":55}},"5":{"start":{"line":7,"column":6},"end":{"line":12,"column":null}},"6":{"start":{"line":14,"column":0},"end":{"line":14,"column":27}}},"fnMap":{"0":{"name":"(anonymous_3)","decl":{"start":{"line":8,"column":2},"end":{"line":8,"column":31}},"loc":{"start":{"line":8,"column":61},"end":{"line":8,"column":65}}},"1":{"name":"(anonymous_4)","decl":{"start":{"line":9,"column":2},"end":{"line":9,"column":7}},"loc":{"start":{"line":9,"column":32},"end":{"line":11,"column":3}}}},"branchMap":{},"s":{"0":2,"1":2,"2":2,"3":2,"4":2,"5":2,"6":2},"f":{"0":2,"1":2},"b":{}}
,"D:\\coding\\mahmoud\\kiwe_assignment\\src\\features\\weather\\adapters\\OpenWeatherMapApi.ts": {"path":"D:\\coding\\mahmoud\\kiwe_assignment\\src\\features\\weather\\adapters\\OpenWeatherMapApi.ts","statementMap":{"0":{"start":{"line":1,"column":0},"end":{"line":1,"column":26}},"1":{"start":{"line":2,"column":0},"end":{"line":2,"column":37}},"2":{"start":{"line":7,"column":9},"end":{"line":7,"column":61}},"3":{"start":{"line":11,"column":4},"end":{"line":13,"column":5}},"4":{"start":{"line":12,"column":6},"end":{"line":12,"column":63}},"5":{"start":{"line":14,"column":4},"end":{"line":14,"column":46}},"6":{"start":{"line":18,"column":16},"end":{"line":18,"column":107}},"7":{"start":{"line":19,"column":21},"end":{"line":19,"column":58}},"8":{"start":{"line":20,"column":4},"end":{"line":26,"column":6}},"9":{"start":{"line":30,"column":16},"end":{"line":30,"column":72}},"10":{"start":{"line":31,"column":21},"end":{"line":31,"column":58}},"11":{"start":{"line":32,"column":4},"end":{"line":38,"column":6}},"12":{"start":{"line":42,"column":0},"end":{"line":42,"column":33}}},"fnMap":{"0":{"name":"(anonymous_1)","decl":{"start":{"line":10,"column":2},"end":{"line":10,"column":null}},"loc":{"start":{"line":10,"column":2},"end":{"line":15,"column":3}}},"1":{"name":"(anonymous_2)","decl":{"start":{"line":17,"column":2},"end":{"line":17,"column":7}},"loc":{"start":{"line":17,"column":47},"end":{"line":27,"column":3}}},"2":{"name":"(anonymous_3)","decl":{"start":{"line":29,"column":2},"end":{"line":29,"column":7}},"loc":{"start":{"line":29,"column":34},"end":{"line":39,"column":3}}}},"branchMap":{"0":{"loc":{"start":{"line":11,"column":4},"end":{"line":13,"column":5}},"type":"if","locations":[{"start":{"line":11,"column":4},"end":{"line":13,"column":5}}]},"1":{"loc":{"start":{"line":22,"column":17},"end":{"line":22,"column":53}},"type":"binary-expr","locations":[{"start":{"line":22,"column":17},"end":{"line":22,"column":47}},{"start":{"line":22,"column":51},"end":{"line":22,"column":53}}]},"2":{"loc":{"start":{"line":22,"column":17},"end":{"line":22,"column":47}},"type":"cond-expr","locations":[{"start":{"line":22,"column":41},"end":{"line":22,"column":43}},{"start":{"line":22,"column":41},"end":{"line":22,"column":47}}]},"3":{"loc":{"start":{"line":22,"column":17},"end":{"line":22,"column":43}},"type":"binary-expr","locations":[{"start":{"line":22,"column":17},"end":{"line":22,"column":43}},{"start":{"line":22,"column":41},"end":{"line":22,"column":43}}]},"4":{"loc":{"start":{"line":34,"column":17},"end":{"line":34,"column":53}},"type":"binary-expr","locations":[{"start":{"line":34,"column":17},"end":{"line":34,"column":47}},{"start":{"line":34,"column":51},"end":{"line":34,"column":53}}]},"5":{"loc":{"start":{"line":34,"column":17},"end":{"line":34,"column":47}},"type":"cond-expr","locations":[{"start":{"line":34,"column":41},"end":{"line":34,"column":43}},{"start":{"line":34,"column":41},"end":{"line":34,"column":47}}]},"6":{"loc":{"start":{"line":34,"column":17},"end":{"line":34,"column":43}},"type":"binary-expr","locations":[{"start":{"line":34,"column":17},"end":{"line":34,"column":43}},{"start":{"line":34,"column":41},"end":{"line":34,"column":43}}]}},"s":{"0":2,"1":2,"2":9,"3":9,"4":1,"5":8,"6":2,"7":2,"8":1,"9":3,"10":3,"11":2,"12":2},"f":{"0":9,"1":2,"2":3},"b":{"0":[1],"1":[1,0],"2":[0,1],"3":[1,1],"4":[2,1],"5":[1,1],"6":[2,2]}}
,"D:\\coding\\mahmoud\\kiwe_assignment\\src\\features\\weather\\controllers\\weather.controller.ts": {"path":"D:\\coding\\mahmoud\\kiwe_assignment\\src\\features\\weather\\controllers\\weather.controller.ts","statementMap":{"0":{"start":{"line":2,"column":0},"end":{"line":2,"column":60}},"1":{"start":{"line":4,"column":0},"end":{"line":4,"column":67}},"2":{"start":{"line":5,"column":0},"end":{"line":5,"column":54}},"3":{"start":{"line":6,"column":0},"end":{"line":6,"column":49}},"4":{"start":{"line":8,"column":0},"end":{"line":8,"column":80}},"5":{"start":{"line":11,"column":30},"end":{"line":11,"column":60}},"6":{"start":{"line":12,"column":4},"end":{"line":12,"column":57}},"7":{"start":{"line":13,"column":4},"end":{"line":13,"column":63}},"8":{"start":{"line":14,"column":4},"end":{"line":14,"column":73}},"9":{"start":{"line":19,"column":18},"end":{"line":19,"column":44}},"10":{"start":{"line":20,"column":4},"end":{"line":24,"column":5}},"11":{"start":{"line":21,"column":23},"end":{"line":21,"column":54}},"12":{"start":{"line":22,"column":6},"end":{"line":22,"column":27}},"13":{"start":{"line":23,"column":6},"end":{"line":23,"column":13}},"14":{"start":{"line":25,"column":15},"end":{"line":25,"column":57}},"15":{"start":{"line":26,"column":4},"end":{"line":29,"column":5}},"16":{"start":{"line":27,"column":6},"end":{"line":27,"column":68}},"17":{"start":{"line":28,"column":6},"end":{"line":28,"column":13}},"18":{"start":{"line":30,"column":21},"end":{"line":30,"column":58}},"19":{"start":{"line":31,"column":4},"end":{"line":31,"column":42}},"20":{"start":{"line":36,"column":4},"end":{"line":39,"column":5}},"21":{"start":{"line":37,"column":6},"end":{"line":37,"column":57}},"22":{"start":{"line":38,"column":6},"end":{"line":38,"column":13}},"23":{"start":{"line":40,"column":24},"end":{"line":40,"column":92}},"24":{"start":{"line":41,"column":4},"end":{"line":41,"column":45}},"25":{"start":{"line":46,"column":21},"end":{"line":46,"column":81}},"26":{"start":{"line":47,"column":4},"end":{"line":47,"column":42}},"27":{"start":{"line":51,"column":23},"end":{"line":51,"column":102}},"28":{"start":{"line":52,"column":4},"end":{"line":54,"column":5}},"29":{"start":{"line":53,"column":6},"end":{"line":53,"column":55}},"30":{"start":{"line":55,"column":17},"end":{"line":55,"column":75}},"31":{"start":{"line":56,"column":4},"end":{"line":56,"column":33}},"32":{"start":{"line":18,"column":8},"end":{"line":32,"column":null}},"33":{"start":{"line":35,"column":8},"end":{"line":42,"column":null}},"34":{"start":{"line":45,"column":8},"end":{"line":48,"column":null}},"35":{"start":{"line":60,"column":0},"end":{"line":60,"column":33}}},"fnMap":{"0":{"name":"(anonymous_3)","decl":{"start":{"line":11,"column":2},"end":{"line":11,"column":30}},"loc":{"start":{"line":11,"column":60},"end":{"line":15,"column":3}}},"1":{"name":"(anonymous_4)","decl":{"start":{"line":18,"column":2},"end":{"line":18,"column":7}},"loc":{"start":{"line":18,"column":50},"end":{"line":32,"column":3}}},"2":{"name":"(anonymous_5)","decl":{"start":{"line":35,"column":2},"end":{"line":35,"column":7}},"loc":{"start":{"line":35,"column":53},"end":{"line":42,"column":3}}},"3":{"name":"(anonymous_6)","decl":{"start":{"line":45,"column":2},"end":{"line":45,"column":7}},"loc":{"start":{"line":45,"column":58},"end":{"line":48,"column":3}}},"4":{"name":"(anonymous_7)","decl":{"start":{"line":50,"column":10},"end":{"line":50,"column":15}},"loc":{"start":{"line":50,"column":44},"end":{"line":57,"column":3}}}},"branchMap":{"0":{"loc":{"start":{"line":19,"column":18},"end":{"line":19,"column":44}},"type":"cond-expr","locations":[{"start":{"line":19,"column":36},"end":{"line":19,"column":40}},{"start":{"line":19,"column":40},"end":{"line":19,"column":44}}]},"1":{"loc":{"start":{"line":19,"column":18},"end":{"line":19,"column":40}},"type":"binary-expr","locations":[{"start":{"line":19,"column":18},"end":{"line":19,"column":40}},{"start":{"line":19,"column":36},"end":{"line":19,"column":40}}]},"2":{"loc":{"start":{"line":20,"column":4},"end":{"line":24,"column":5}},"type":"if","locations":[{"start":{"line":20,"column":4},"end":{"line":24,"column":5}}]},"3":{"loc":{"start":{"line":25,"column":15},"end":{"line":25,"column":57}},"type":"cond-expr","locations":[{"start":{"line":25,"column":45},"end":{"line":25,"column":47}},{"start":{"line":25,"column":45},"end":{"line":25,"column":57}}]},"4":{"loc":{"start":{"line":25,"column":15},"end":{"line":25,"column":47}},"type":"binary-expr","locations":[{"start":{"line":25,"column":15},"end":{"line":25,"column":47}},{"start":{"line":25,"column":45},"end":{"line":25,"column":47}}]},"5":{"loc":{"start":{"line":26,"column":4},"end":{"line":29,"column":5}},"type":"if","locations":[{"start":{"line":26,"column":4},"end":{"line":29,"column":5}}]},"6":{"loc":{"start":{"line":36,"column":4},"end":{"line":39,"column":5}},"type":"if","locations":[{"start":{"line":36,"column":4},"end":{"line":39,"column":5}}]},"7":{"loc":{"start":{"line":52,"column":4},"end":{"line":54,"column":5}},"type":"if","locations":[{"start":{"line":52,"column":4},"end":{"line":54,"column":5}}]}},"s":{"0":1,"1":1,"2":1,"3":1,"4":1,"5":2,"6":2,"7":2,"8":2,"9":0,"10":0,"11":0,"12":0,"13":0,"14":0,"15":0,"16":0,"17":0,"18":0,"19":0,"20":1,"21":0,"22":0,"23":1,"24":1,"25":1,"26":1,"27":0,"28":0,"29":0,"30":0,"31":0,"32":1,"33":1,"34":1,"35":1},"f":{"0":2,"1":0,"2":1,"3":1,"4":0},"b":{"0":[0,0],"1":[0,0],"2":[0],"3":[0,0],"4":[0,0],"5":[0],"6":[0],"7":[0]}}
,"D:\\coding\\mahmoud\\kiwe_assignment\\src\\features\\weather\\repositories\\cityRepository.ts": {"path":"D:\\coding\\mahmoud\\kiwe_assignment\\src\\features\\weather\\repositories\\cityRepository.ts","statementMap":{"0":{"start":{"line":1,"column":0},"end":{"line":1,"column":29}},"1":{"start":{"line":2,"column":0},"end":{"line":2,"column":40}},"2":{"start":{"line":6,"column":0},"end":{"line":6,"column":54}},"3":{"start":{"line":7,"column":0},"end":{"line":7,"column":62}},"4":{"start":{"line":11,"column":17},"end":{"line":11,"column":104}},"5":{"start":{"line":12,"column":4},"end":{"line":12,"column":24}},"6":{"start":{"line":16,"column":17},"end":{"line":22,"column":25}},"7":{"start":{"line":23,"column":4},"end":{"line":23,"column":24}},"8":{"start":{"line":27,"column":17},"end":{"line":42,"column":25}},"9":{"start":{"line":43,"column":4},"end":{"line":45,"column":5}},"10":{"start":{"line":44,"column":6},"end":{"line":44,"column":18}},"11":{"start":{"line":46,"column":4},"end":{"line":49,"column":6}},"12":{"start":{"line":53,"column":21},"end":{"line":57,"column":25}},"13":{"start":{"line":58,"column":4},"end":{"line":60,"column":5}},"14":{"start":{"line":59,"column":6},"end":{"line":59,"column":77}},"15":{"start":{"line":61,"column":25},"end":{"line":68,"column":25}},"16":{"start":{"line":69,"column":4},"end":{"line":71,"column":5}},"17":{"start":{"line":70,"column":6},"end":{"line":70,"column":56}},"18":{"start":{"line":75,"column":27},"end":{"line":80,"column":16}},"19":{"start":{"line":81,"column":4},"end":{"line":81,"column":76}},"20":{"start":{"line":81,"column":41},"end":{"line":81,"column":73}},"21":{"start":{"line":85,"column":0},"end":{"line":85,"column":30}}},"fnMap":{"0":{"name":"(anonymous_1)","decl":{"start":{"line":10,"column":9},"end":{"line":10,"column":14}},"loc":{"start":{"line":10,"column":37},"end":{"line":13,"column":3}}},"1":{"name":"(anonymous_2)","decl":{"start":{"line":15,"column":9},"end":{"line":15,"column":14}},"loc":{"start":{"line":15,"column":34},"end":{"line":24,"column":3}}},"2":{"name":"(anonymous_3)","decl":{"start":{"line":26,"column":9},"end":{"line":26,"column":14}},"loc":{"start":{"line":26,"column":54},"end":{"line":50,"column":3}}},"3":{"name":"(anonymous_4)","decl":{"start":{"line":52,"column":9},"end":{"line":52,"column":14}},"loc":{"start":{"line":52,"column":53},"end":{"line":72,"column":3}}},"4":{"name":"(anonymous_5)","decl":{"start":{"line":74,"column":2},"end":{"line":74,"column":7}},"loc":{"start":{"line":74,"column":31},"end":{"line":82,"column":3}}},"5":{"name":"(anonymous_6)","decl":{"start":{"line":81,"column":30},"end":{"line":81,"column":31}},"loc":{"start":{"line":81,"column":41},"end":{"line":81,"column":73}}}},"branchMap":{"0":{"loc":{"start":{"line":12,"column":11},"end":{"line":12,"column":23}},"type":"binary-expr","locations":[{"start":{"line":12,"column":11},"end":{"line":12,"column":15}},{"start":{"line":12,"column":19},"end":{"line":12,"column":23}}]},"1":{"loc":{"start":{"line":23,"column":11},"end":{"line":23,"column":23}},"type":"binary-expr","locations":[{"start":{"line":23,"column":11},"end":{"line":23,"column":15}},{"start":{"line":23,"column":19},"end":{"line":23,"column":23}}]},"2":{"loc":{"start":{"line":43,"column":4},"end":{"line":45,"column":5}},"type":"if","locations":[{"start":{"line":43,"column":4},"end":{"line":45,"column":5}}]},"3":{"loc":{"start":{"line":58,"column":4},"end":{"line":60,"column":5}},"type":"if","locations":[{"start":{"line":58,"column":4},"end":{"line":60,"column":5}}]},"4":{"loc":{"start":{"line":69,"column":4},"end":{"line":71,"column":5}},"type":"if","locations":[{"start":{"line":69,"column":4},"end":{"line":71,"column":5}}]}},"s":{"0":2,"1":2,"2":2,"3":2,"4":3,"5":3,"6":3,"7":3,"8":1,"9":1,"10":0,"11":1,"12":1,"13":1,"14":0,"15":1,"16":1,"17":0,"18":1,"19":1,"20":1,"21":2},"f":{"0":3,"1":3,"2":1,"3":1,"4":1,"5":1},"b":{"0":[3,1],"1":[3,1],"2":[0],"3":[0],"4":[0]}}
,"D:\\coding\\mahmoud\\kiwe_assignment\\src\\features\\weather\\services\\weather.service.ts": {"path":"D:\\coding\\mahmoud\\kiwe_assignment\\src\\features\\weather\\services\\weather.service.ts","statementMap":{"0":{"start":{"line":1,"column":0},"end":{"line":1,"column":54}},"1":{"start":{"line":5,"column":0},"end":{"line":5,"column":54}},"2":{"start":{"line":7,"column":0},"end":{"line":7,"column":42}},"3":{"start":{"line":11,"column":21},"end":{"line":11,"column":43}},"4":{"start":{"line":12,"column":21},"end":{"line":12,"column":51}},"5":{"start":{"line":16,"column":17},"end":{"line":16,"column":71}},"6":{"start":{"line":17,"column":4},"end":{"line":19,"column":5}},"7":{"start":{"line":18,"column":6},"end":{"line":18,"column":68}},"8":{"start":{"line":20,"column":20},"end":{"line":20,"column":54}},"9":{"start":{"line":21,"column":4},"end":{"line":21,"column":49}},"10":{"start":{"line":25,"column":17},"end":{"line":25,"column":59}},"11":{"start":{"line":26,"column":4},"end":{"line":28,"column":5}},"12":{"start":{"line":27,"column":6},"end":{"line":27,"column":79}},"13":{"start":{"line":29,"column":24},"end":{"line":29,"column":58}},"14":{"start":{"line":30,"column":4},"end":{"line":30,"column":53}},"15":{"start":{"line":34,"column":21},"end":{"line":34,"column":41}},"16":{"start":{"line":35,"column":4},"end":{"line":37,"column":5}},"17":{"start":{"line":36,"column":6},"end":{"line":36,"column":64}},"18":{"start":{"line":38,"column":4},"end":{"line":38,"column":39}},"19":{"start":{"line":42,"column":27},"end":{"line":42,"column":73}},"20":{"start":{"line":43,"column":4},"end":{"line":48,"column":6}},"21":{"start":{"line":45,"column":24},"end":{"line":45,"column":58}},"22":{"start":{"line":46,"column":8},"end":{"line":46,"column":53}},"23":{"start":{"line":52,"column":21},"end":{"line":52,"column":38}},"24":{"start":{"line":53,"column":26},"end":{"line":53,"column":51}},"25":{"start":{"line":54,"column":4},"end":{"line":56,"column":5}},"26":{"start":{"line":55,"column":6},"end":{"line":55,"column":54}},"27":{"start":{"line":57,"column":20},"end":{"line":57,"column":61}},"28":{"start":{"line":58,"column":4},"end":{"line":58,"column":55}},"29":{"start":{"line":59,"column":4},"end":{"line":59,"column":19}},"30":{"start":{"line":63,"column":0},"end":{"line":63,"column":30}}},"fnMap":{"0":{"name":"(anonymous_1)","decl":{"start":{"line":10,"column":2},"end":{"line":10,"column":null}},"loc":{"start":{"line":12,"column":51},"end":{"line":13,"column":6}}},"1":{"name":"(anonymous_2)","decl":{"start":{"line":15,"column":9},"end":{"line":15,"column":14}},"loc":{"start":{"line":15,"column":55},"end":{"line":22,"column":3}}},"2":{"name":"(anonymous_3)","decl":{"start":{"line":24,"column":9},"end":{"line":24,"column":14}},"loc":{"start":{"line":24,"column":44},"end":{"line":31,"column":3}}},"3":{"name":"(anonymous_4)","decl":{"start":{"line":33,"column":9},"end":{"line":33,"column":14}},"loc":{"start":{"line":33,"column":33},"end":{"line":39,"column":3}}},"4":{"name":"(anonymous_5)","decl":{"start":{"line":41,"column":9},"end":{"line":41,"column":14}},"loc":{"start":{"line":41,"column":48},"end":{"line":49,"column":3}}},"5":{"name":"(anonymous_6)","decl":{"start":{"line":44,"column":25},"end":{"line":44,"column":30}},"loc":{"start":{"line":44,"column":40},"end":{"line":47,"column":7}}},"6":{"name":"(anonymous_7)","decl":{"start":{"line":51,"column":10},"end":{"line":51,"column":15}},"loc":{"start":{"line":51,"column":41},"end":{"line":60,"column":3}}}},"branchMap":{"0":{"loc":{"start":{"line":17,"column":4},"end":{"line":19,"column":5}},"type":"if","locations":[{"start":{"line":17,"column":4},"end":{"line":19,"column":5}}]},"1":{"loc":{"start":{"line":26,"column":4},"end":{"line":28,"column":5}},"type":"if","locations":[{"start":{"line":26,"column":4},"end":{"line":28,"column":5}}]},"2":{"loc":{"start":{"line":35,"column":4},"end":{"line":37,"column":5}},"type":"if","locations":[{"start":{"line":35,"column":4},"end":{"line":37,"column":5}}]},"3":{"loc":{"start":{"line":54,"column":4},"end":{"line":56,"column":5}},"type":"if","locations":[{"start":{"line":54,"column":4},"end":{"line":56,"column":5}}]}},"s":{"0":2,"1":2,"2":2,"3":11,"4":11,"5":2,"6":2,"7":1,"8":1,"9":1,"10":5,"11":5,"12":1,"13":4,"14":4,"15":2,"16":2,"17":1,"18":1,"19":1,"20":1,"21":2,"22":2,"23":7,"24":7,"25":7,"26":0,"27":7,"28":7,"29":7,"30":2},"f":{"0":11,"1":2,"2":5,"3":2,"4":1,"5":2,"6":7},"b":{"0":[1],"1":[1],"2":[1],"3":[0]}}
,"D:\\coding\\mahmoud\\kiwe_assignment\\src\\features\\weather\\validation\\coordinates.rule.ts": {"path":"D:\\coding\\mahmoud\\kiwe_assignment\\src\\features\\weather\\validation\\coordinates.rule.ts","statementMap":{"0":{"start":{"line":1,"column":0},"end":{"line":1,"column":24}},"1":{"start":{"line":3,"column":13},"end":{"line":6,"column":3}}},"fnMap":{},"branchMap":{},"s":{"0":1,"1":1},"f":{},"b":{}}
,"D:\\coding\\mahmoud\\kiwe_assignment\\src\\shared\\decorators\\asyncHandler.decorator.ts": {"path":"D:\\coding\\mahmoud\\kiwe_assignment\\src\\shared\\decorators\\asyncHandler.decorator.ts","statementMap":{"0":{"start":{"line":4,"column":0},"end":{"line":4,"column":16}},"1":{"start":{"line":24,"column":0},"end":{"line":24,"column":16}},"2":{"start":{"line":2,"column":0},"end":{"line":2,"column":41}},"3":{"start":{"line":5,"column":13},"end":{"line":5,"column":29}},"4":{"start":{"line":6,"column":2},"end":{"line":20,"column":4}},"5":{"start":{"line":7,"column":4},"end":{"line":19,"column":5}},"6":{"start":{"line":8,"column":6},"end":{"line":8,"column":33}},"7":{"start":{"line":10,"column":16},"end":{"line":10,"column":30}},"8":{"start":{"line":11,"column":6},"end":{"line":13,"column":7}},"9":{"start":{"line":12,"column":8},"end":{"line":12,"column":42}},"10":{"start":{"line":14,"column":19},"end":{"line":14,"column":42}},"11":{"start":{"line":15,"column":6},"end":{"line":17,"column":7}},"12":{"start":{"line":16,"column":8},"end":{"line":16,"column":18}},"13":{"start":{"line":18,"column":6},"end":{"line":18,"column":16}},"14":{"start":{"line":21,"column":2},"end":{"line":21,"column":20}},"15":{"start":{"line":25,"column":2},"end":{"line":33,"column":4}},"16":{"start":{"line":26,"column":4},"end":{"line":32,"column":5}},"17":{"start":{"line":27,"column":23},"end":{"line":27,"column":77}},"18":{"start":{"line":28,"column":6},"end":{"line":31,"column":7}},"19":{"start":{"line":29,"column":8},"end":{"line":29,"column":56}},"20":{"start":{"line":30,"column":8},"end":{"line":30,"column":65}}},"fnMap":{"0":{"name":"asyncMethod","decl":{"start":{"line":4,"column":16},"end":{"line":4,"column":27}},"loc":{"start":{"line":4,"column":82},"end":{"line":22,"column":1}}},"1":{"name":"(anonymous_2)","decl":{"start":{"line":6,"column":21},"end":{"line":6,"column":26}},"loc":{"start":{"line":6,"column":55},"end":{"line":20,"column":3}}},"2":{"name":"AsyncClass","decl":{"start":{"line":24,"column":16},"end":{"line":24,"column":26}},"loc":{"start":{"line":24,"column":26},"end":{"line":34,"column":1}}},"3":{"name":"(anonymous_4)","decl":{"start":{"line":25,"column":9},"end":{"line":25,"column":19}},"loc":{"start":{"line":25,"column":64},"end":{"line":33,"column":3}}}},"branchMap":{"0":{"loc":{"start":{"line":11,"column":6},"end":{"line":13,"column":7}},"type":"if","locations":[{"start":{"line":11,"column":6},"end":{"line":13,"column":7}}]},"1":{"loc":{"start":{"line":15,"column":6},"end":{"line":17,"column":7}},"type":"if","locations":[{"start":{"line":15,"column":6},"end":{"line":17,"column":7}}]},"2":{"loc":{"start":{"line":28,"column":6},"end":{"line":31,"column":7}},"type":"if","locations":[{"start":{"line":28,"column":6},"end":{"line":31,"column":7}}]}},"s":{"0":2,"1":2,"2":2,"3":4,"4":4,"5":4,"6":4,"7":1,"8":1,"9":0,"10":1,"11":1,"12":1,"13":0,"14":4,"15":0,"16":0,"17":0,"18":0,"19":0,"20":0},"f":{"0":4,"1":4,"2":0,"3":0},"b":{"0":[0],"1":[1],"2":[0]}}
,"D:\\coding\\mahmoud\\kiwe_assignment\\src\\shared\\decorators\\validation.decorator.ts": {"path":"D:\\coding\\mahmoud\\kiwe_assignment\\src\\shared\\decorators\\validation.decorator.ts","statementMap":{"0":{"start":{"line":2,"column":0},"end":{"line":2,"column":49}},"1":{"start":{"line":3,"column":0},"end":{"line":3,"column":41}},"2":{"start":{"line":4,"column":0},"end":{"line":4,"column":49}},"3":{"start":{"line":6,"column":24},"end":{"line":21,"column":1}},"4":{"start":{"line":7,"column":2},"end":{"line":20,"column":4}},"5":{"start":{"line":8,"column":15},"end":{"line":8,"column":31}},"6":{"start":{"line":9,"column":4},"end":{"line":18,"column":6}},"7":{"start":{"line":10,"column":20},"end":{"line":10,"column":24}},"8":{"start":{"line":11,"column":28},"end":{"line":11,"column":58}},"9":{"start":{"line":12,"column":6},"end":{"line":15,"column":7}},"10":{"start":{"line":13,"column":24},"end":{"line":13,"column":65}},"11":{"start":{"line":14,"column":8},"end":{"line":14,"column":69}},"12":{"start":{"line":16,"column":6},"end":{"line":16,"column":36}},"13":{"start":{"line":17,"column":6},"end":{"line":17,"column":34}},"14":{"start":{"line":19,"column":4},"end":{"line":19,"column":22}},"15":{"start":{"line":6,"column":13},"end":{"line":6,"column":24}}},"fnMap":{"0":{"name":"(anonymous_1)","decl":{"start":{"line":6,"column":24},"end":{"line":6,"column":25}},"loc":{"start":{"line":6,"column":47},"end":{"line":21,"column":1}}},"1":{"name":"(anonymous_2)","decl":{"start":{"line":7,"column":9},"end":{"line":7,"column":10}},"loc":{"start":{"line":7,"column":64},"end":{"line":20,"column":3}}},"2":{"name":"(anonymous_3)","decl":{"start":{"line":9,"column":23},"end":{"line":9,"column":33}},"loc":{"start":{"line":9,"column":45},"end":{"line":18,"column":5}}}},"branchMap":{"0":{"loc":{"start":{"line":12,"column":6},"end":{"line":15,"column":7}},"type":"if","locations":[{"start":{"line":12,"column":6},"end":{"line":15,"column":7}}]}},"s":{"0":1,"1":1,"2":1,"3":1,"4":1,"5":1,"6":1,"7":2,"8":2,"9":2,"10":0,"11":0,"12":2,"13":2,"14":1,"15":1},"f":{"0":1,"1":1,"2":2},"b":{"0":[0]}}
,"D:\\coding\\mahmoud\\kiwe_assignment\\src\\shared\\utils\\appError.ts": {"path":"D:\\coding\\mahmoud\\kiwe_assignment\\src\\shared\\utils\\appError.ts","statementMap":{"0":{"start":{"line":2,"column":0},"end":{"line":2,"column":42}},"1":{"start":{"line":10,"column":4},"end":{"line":10,"column":67}},"2":{"start":{"line":7,"column":20},"end":{"line":7,"column":43}},"3":{"start":{"line":8,"column":20},"end":{"line":8,"column":41}},"4":{"start":{"line":11,"column":4},"end":{"line":14,"column":5}},"5":{"start":{"line":12,"column":6},"end":{"line":12,"column":35}},"6":{"start":{"line":13,"column":6},"end":{"line":13,"column":32}},"7":{"start":{"line":17,"column":4},"end":{"line":21,"column":6}},"8":{"start":{"line":25,"column":39},"end":{"line":29,"column":6}},"9":{"start":{"line":30,"column":4},"end":{"line":36,"column":5}},"10":{"start":{"line":31,"column":6},"end":{"line":35,"column":8}},"11":{"start":{"line":33,"column":64},"end":{"line":33,"column":72}},"12":{"start":{"line":37,"column":4},"end":{"line":37,"column":23}},"13":{"start":{"line":41,"column":4},"end":{"line":41,"column":25}},"14":{"start":{"line":45,"column":0},"end":{"line":45,"column":24}}},"fnMap":{"0":{"name":"(anonymous_0)","decl":{"start":{"line":5,"column":2},"end":{"line":5,"column":null}},"loc":{"start":{"line":8,"column":41},"end":{"line":15,"column":3}}},"1":{"name":"(anonymous_1)","decl":{"start":{"line":16,"column":2},"end":{"line":16,"column":8}},"loc":{"start":{"line":16,"column":26},"end":{"line":22,"column":3}}},"2":{"name":"(anonymous_2)","decl":{"start":{"line":24,"column":9},"end":{"line":24,"column":15}},"loc":{"start":{"line":24,"column":15},"end":{"line":38,"column":3}}},"3":{"name":"(anonymous_3)","decl":{"start":{"line":33,"column":57},"end":{"line":33,"column":58}},"loc":{"start":{"line":33,"column":64},"end":{"line":33,"column":72}}},"4":{"name":"(anonymous_4)","decl":{"start":{"line":40,"column":2},"end":{"line":40,"column":12}},"loc":{"start":{"line":40,"column":12},"end":{"line":42,"column":3}}}},"branchMap":{"0":{"loc":{"start":{"line":7,"column":20},"end":{"line":7,"column":64}},"type":"default-arg","locations":[{"start":{"line":7,"column":43},"end":{"line":7,"column":64}}]},"1":{"loc":{"start":{"line":10,"column":10},"end":{"line":10,"column":65}},"type":"cond-expr","locations":[{"start":{"line":10,"column":40},"end":{"line":10,"column":47}},{"start":{"line":10,"column":50},"end":{"line":10,"column":65}}]},"2":{"loc":{"start":{"line":11,"column":4},"end":{"line":14,"column":5}},"type":"if","locations":[{"start":{"line":11,"column":4},"end":{"line":14,"column":5}}]},"3":{"loc":{"start":{"line":30,"column":4},"end":{"line":36,"column":5}},"type":"if","locations":[{"start":{"line":30,"column":4},"end":{"line":36,"column":5}}]},"4":{"loc":{"start":{"line":30,"column":8},"end":{"line":30,"column":67}},"type":"binary-expr","locations":[{"start":{"line":30,"column":8},"end":{"line":30,"column":45}},{"start":{"line":30,"column":49},"end":{"line":30,"column":67}}]},"5":{"loc":{"start":{"line":33,"column":15},"end":{"line":33,"column":73}},"type":"cond-expr","locations":[{"start":{"line":33,"column":39},"end":{"line":33,"column":41}},{"start":{"line":33,"column":39},"end":{"line":33,"column":73}}]},"6":{"loc":{"start":{"line":33,"column":15},"end":{"line":33,"column":41}},"type":"binary-expr","locations":[{"start":{"line":33,"column":15},"end":{"line":33,"column":41}},{"start":{"line":33,"column":39},"end":{"line":33,"column":41}}]}},"s":{"0":7,"1":11,"2":11,"3":11,"4":11,"5":1,"6":1,"7":1,"8":4,"9":4,"10":2,"11":2,"12":4,"13":3,"14":7},"f":{"0":11,"1":1,"2":4,"3":2,"4":3},"b":{"0":[1],"1":[10,1],"2":[1],"3":[2],"4":[4,3],"5":[1,1],"6":[2,2]}}
,"D:\\coding\\mahmoud\\kiwe_assignment\\src\\shared\\utils\\appResponse.ts": {"path":"D:\\coding\\mahmoud\\kiwe_assignment\\src\\shared\\utils\\appResponse.ts","statementMap":{"0":{"start":{"line":1,"column":0},"end":{"line":1,"column":42}},"1":{"start":{"line":6,"column":20},"end":{"line":6,"column":33}},"2":{"start":{"line":7,"column":20},"end":{"line":7,"column":39}},"3":{"start":{"line":8,"column":20},"end":{"line":8,"column":50}},"4":{"start":{"line":12,"column":4},"end":{"line":12,"column":58}},"5":{"start":{"line":16,"column":4},"end":{"line":21,"column":6}},"6":{"start":{"line":25,"column":4},"end":{"line":25,"column":21}},"7":{"start":{"line":29,"column":0},"end":{"line":29,"column":27}}},"fnMap":{"0":{"name":"(anonymous_0)","decl":{"start":{"line":5,"column":2},"end":{"line":5,"column":null}},"loc":{"start":{"line":8,"column":50},"end":{"line":9,"column":6}}},"1":{"name":"(anonymous_1)","decl":{"start":{"line":11,"column":9},"end":{"line":11,"column":15}},"loc":{"start":{"line":11,"column":52},"end":{"line":13,"column":3}}},"2":{"name":"(anonymous_2)","decl":{"start":{"line":15,"column":9},"end":{"line":15,"column":15}},"loc":{"start":{"line":15,"column":15},"end":{"line":22,"column":3}}},"3":{"name":"(anonymous_3)","decl":{"start":{"line":24,"column":2},"end":{"line":24,"column":12}},"loc":{"start":{"line":24,"column":12},"end":{"line":26,"column":3}}}},"branchMap":{"0":{"loc":{"start":{"line":7,"column":20},"end":{"line":7,"column":52}},"type":"default-arg","locations":[{"start":{"line":7,"column":39},"end":{"line":7,"column":52}}]}},"s":{"0":2,"1":3,"2":3,"3":3,"4":0,"5":0,"6":0,"7":2},"f":{"0":3,"1":0,"2":0,"3":0},"b":{"0":[3]}}
,"D:\\coding\\mahmoud\\kiwe_assignment\\src\\shared\\utils\\ip.ts": {"path":"D:\\coding\\mahmoud\\kiwe_assignment\\src\\shared\\utils\\ip.ts","statementMap":{"0":{"start":{"line":4,"column":0},"end":{"line":4,"column":7}},"1":{"start":{"line":1,"column":0},"end":{"line":1,"column":26}},"2":{"start":{"line":2,"column":0},"end":{"line":2,"column":30}},"3":{"start":{"line":5,"column":2},"end":{"line":11,"column":3}},"4":{"start":{"line":6,"column":21},"end":{"line":6,"column":80}},"5":{"start":{"line":7,"column":4},"end":{"line":7,"column":30}},"6":{"start":{"line":9,"column":4},"end":{"line":9,"column":22}},"7":{"start":{"line":10,"column":4},"end":{"line":10,"column":16}}},"fnMap":{"0":{"name":"cityFromIp","decl":{"start":{"line":4,"column":22},"end":{"line":4,"column":32}},"loc":{"start":{"line":4,"column":43},"end":{"line":12,"column":1}}}},"branchMap":{},"s":{"0":3,"1":3,"2":3,"3":3,"4":3,"5":2,"6":1,"7":1},"f":{"0":3},"b":{}}
,"D:\\coding\\mahmoud\\kiwe_assignment\\src\\shared\\utils\\logger.ts": {"path":"D:\\coding\\mahmoud\\kiwe_assignment\\src\\shared\\utils\\logger.ts","statementMap":{"0":{"start":{"line":1,"column":0},"end":{"line":1,"column":24}},"1":{"start":{"line":2,"column":0},"end":{"line":2,"column":34}},"2":{"start":{"line":5,"column":2},"end":{"line":7,"column":73}},"3":{"start":{"line":9,"column":15},"end":{"line":14,"column":2}},"4":{"start":{"line":16,"column":0},"end":{"line":16,"column":22}}},"fnMap":{},"branchMap":{"0":{"loc":{"start":{"line":5,"column":2},"end":{"line":7,"column":73}},"type":"cond-expr","locations":[{"start":{"line":6,"column":6},"end":{"line":6,"column":60}},{"start":{"line":7,"column":6},"end":{"line":7,"column":73}}]},"1":{"loc":{"start":{"line":12,"column":11},"end":{"line":12,"column":63}},"type":"cond-expr","locations":[{"start":{"line":12,"column":47},"end":{"line":12,"column":54}},{"start":{"line":12,"column":57},"end":{"line":12,"column":63}}]}},"s":{"0":4,"1":4,"2":4,"3":4,"4":4},"f":{},"b":{"0":[0,4],"1":[0,4]}}
,"D:\\coding\\mahmoud\\kiwe_assignment\\src\\shared\\utils\\statusCode.ts": {"path":"D:\\coding\\mahmoud\\kiwe_assignment\\src\\shared\\utils\\statusCode.ts","statementMap":{"0":{"start":{"line":91,"column":0},"end":{"line":91,"column":16}},"1":{"start":{"line":1,"column":0},"end":{"line":1,"column":null}},"2":{"start":{"line":2,"column":2},"end":{"line":2,"column":null}},"3":{"start":{"line":3,"column":2},"end":{"line":3,"column":null}},"4":{"start":{"line":4,"column":2},"end":{"line":4,"column":null}},"5":{"start":{"line":5,"column":2},"end":{"line":5,"column":null}},"6":{"start":{"line":6,"column":2},"end":{"line":6,"column":null}},"7":{"start":{"line":7,"column":2},"end":{"line":7,"column":null}},"8":{"start":{"line":8,"column":2},"end":{"line":8,"column":null}},"9":{"start":{"line":9,"column":2},"end":{"line":9,"column":null}},"10":{"start":{"line":10,"column":2},"end":{"line":10,"column":null}},"11":{"start":{"line":11,"column":2},"end":{"line":11,"column":null}},"12":{"start":{"line":12,"column":2},"end":{"line":12,"column":null}},"13":{"start":{"line":13,"column":2},"end":{"line":13,"column":null}},"14":{"start":{"line":14,"column":2},"end":{"line":14,"column":null}},"15":{"start":{"line":15,"column":2},"end":{"line":15,"column":null}},"16":{"start":{"line":16,"column":2},"end":{"line":16,"column":null}},"17":{"start":{"line":17,"column":2},"end":{"line":17,"column":null}},"18":{"start":{"line":18,"column":2},"end":{"line":18,"column":null}},"19":{"start":{"line":19,"column":2},"end":{"line":19,"column":null}},"20":{"start":{"line":20,"column":2},"end":{"line":20,"column":null}},"21":{"start":{"line":21,"column":2},"end":{"line":21,"column":null}},"22":{"start":{"line":22,"column":2},"end":{"line":22,"column":null}},"23":{"start":{"line":23,"column":2},"end":{"line":23,"column":null}},"24":{"start":{"line":24,"column":2},"end":{"line":24,"column":null}},"25":{"start":{"line":25,"column":2},"end":{"line":25,"column":null}},"26":{"start":{"line":26,"column":2},"end":{"line":26,"column":null}},"27":{"start":{"line":27,"column":2},"end":{"line":27,"column":null}},"28":{"start":{"line":28,"column":2},"end":{"line":28,"column":null}},"29":{"start":{"line":29,"column":2},"end":{"line":29,"column":null}},"30":{"start":{"line":30,"column":2},"end":{"line":30,"column":null}},"31":{"start":{"line":31,"column":2},"end":{"line":31,"column":null}},"32":{"start":{"line":32,"column":2},"end":{"line":32,"column":null}},"33":{"start":{"line":33,"column":2},"end":{"line":33,"column":null}},"34":{"start":{"line":34,"column":2},"end":{"line":34,"column":null}},"35":{"start":{"line":35,"column":2},"end":{"line":35,"column":null}},"36":{"start":{"line":36,"column":2},"end":{"line":36,"column":null}},"37":{"start":{"line":37,"column":2},"end":{"line":37,"column":null}},"38":{"start":{"line":38,"column":2},"end":{"line":38,"column":null}},"39":{"start":{"line":39,"column":2},"end":{"line":39,"column":null}},"40":{"start":{"line":40,"column":2},"end":{"line":40,"column":null}},"41":{"start":{"line":41,"column":2},"end":{"line":41,"column":null}},"42":{"start":{"line":42,"column":2},"end":{"line":42,"column":null}},"43":{"start":{"line":43,"column":2},"end":{"line":43,"column":null}},"44":{"start":{"line":46,"column":13},"end":{"line":89,"column":2}},"45":{"start":{"line":92,"column":2},"end":{"line":94,"column":3}},"46":{"start":{"line":93,"column":4},"end":{"line":93,"column":35}},"47":{"start":{"line":95,"column":2},"end":{"line":95,"column":32}}},"fnMap":{"0":{"name":"(anonymous_0)","decl":{"start":{"line":1,"column":0},"end":{"line":1,"column":12}},"loc":{"start":{"line":1,"column":22},"end":{"line":44,"column":1}}},"1":{"name":"codeToString","decl":{"start":{"line":91,"column":16},"end":{"line":91,"column":28}},"loc":{"start":{"line":91,"column":45},"end":{"line":96,"column":1}}}},"branchMap":{"0":{"loc":{"start":{"line":1,"column":12},"end":{"line":1,"column":null}},"type":"binary-expr","locations":[{"start":{"line":1,"column":12},"end":{"line":1,"column":22}},{"start":{"line":1,"column":22},"end":{"line":1,"column":null}}]},"1":{"loc":{"start":{"line":92,"column":2},"end":{"line":94,"column":3}},"type":"if","locations":[{"start":{"line":92,"column":2},"end":{"line":94,"column":3}}]}},"s":{"0":8,"1":8,"2":8,"3":8,"4":8,"5":8,"6":8,"7":8,"8":8,"9":8,"10":8,"11":8,"12":8,"13":8,"14":8,"15":8,"16":8,"17":8,"18":8,"19":8,"20":8,"21":8,"22":8,"23":8,"24":8,"25":8,"26":8,"27":8,"28":8,"29":8,"30":8,"31":8,"32":8,"33":8,"34":8,"35":8,"36":8,"37":8,"38":8,"39":8,"40":8,"41":8,"42":8,"43":8,"44":8,"45":49,"46":47,"47":2},"f":{"0":8,"1":49},"b":{"0":[8,8],"1":[47]}}
}
