TN:
SF:src\config\db.ts
FNF:0
FNH:0
DA:1,4
DA:2,4
DA:3,4
DA:6,4
DA:14,4
DA:16,4
LF:6
LH:6
BRF:0
BRH:0
end_of_record
TN:
SF:src\config\env.ts
FN:19,getConfig
FN:24,(anonymous_1)
FNF:2
FNH:2
FNDA:14,getConfig
FNDA:5,(anonymous_1)
DA:1,13
DA:3,13
DA:19,13
DA:20,14
DA:21,14
DA:23,1
DA:24,5
DA:25,1
DA:26,1
DA:30,13
LF:10
LH:10
BRF:0
BRH:0
end_of_record
TN:
SF:src\config\index.ts
FNF:0
FNH:0
DA:1,6
DA:3,6
LF:2
LH:2
BRF:0
BRH:0
end_of_record
TN:
SF:src\config\redis.ts
FN:10,(anonymous_1)
FNF:1
FNH:0
FNDA:0,(anonymous_1)
DA:1,2
DA:2,2
DA:3,2
DA:5,2
DA:10,2
DA:11,0
DA:14,2
LF:7
LH:6
BRF:0
BRH:0
end_of_record
TN:
SF:src\features\auth\controllers\auth.controller.ts
FN:10,(anonymous_3)
FN:16,(anonymous_4)
FNF:2
FNH:2
FNDA:2,(anonymous_3)
FNDA:2,(anonymous_4)
DA:2,1
DA:3,1
DA:4,1
DA:6,1
DA:10,2
DA:11,2
DA:16,1
DA:17,2
DA:18,2
DA:19,1
DA:27,1
DA:31,1
LF:12
LH:12
BRF:0
BRH:0
end_of_record
TN:
SF:src\features\auth\services\auth.service.ts
FN:12,(anonymous_1)
FN:14,(anonymous_2)
FN:27,(anonymous_3)
FN:31,(anonymous_4)
FN:45,(anonymous_5)
FNF:5
FNH:4
FNDA:2,(anonymous_1)
FNDA:2,(anonymous_2)
FNDA:1,(anonymous_3)
FNDA:1,(anonymous_4)
FNDA:0,(anonymous_5)
DA:1,2
DA:2,2
DA:3,2
DA:4,2
DA:6,2
DA:12,2
DA:15,2
DA:16,2
DA:17,1
DA:19,1
DA:20,1
DA:21,0
DA:23,1
DA:24,1
DA:28,1
DA:32,1
DA:42,1
DA:46,0
DA:47,0
DA:48,0
DA:50,0
DA:55,2
LF:22
LH:17
BRDA:16,0,0,1
BRDA:20,1,0,0
BRF:2
BRH:1
end_of_record
TN:
SF:src\features\auth\validation\login.rule.ts
FNF:0
FNH:0
DA:1,1
DA:3,1
LF:2
LH:2
BRF:0
BRH:0
end_of_record
TN:
SF:src\features\user\repositories\userRepository.ts
FN:5,(anonymous_0)
FNF:1
FNH:0
FNDA:0,(anonymous_0)
DA:1,2
DA:6,0
DA:7,0
DA:11,2
LF:4
LH:2
BRDA:7,0,0,0
BRDA:7,0,1,0
BRF:2
BRH:0
end_of_record
TN:
SF:src\features\user\services\user.service.ts
FN:8,(anonymous_3)
FN:9,(anonymous_4)
FNF:2
FNH:2
FNDA:2,(anonymous_3)
FNDA:2,(anonymous_4)
DA:1,2
DA:4,2
DA:6,2
DA:7,2
DA:8,2
DA:10,2
DA:14,2
LF:7
LH:7
BRF:0
BRH:0
end_of_record
TN:
SF:src\features\weather\adapters\OpenWeatherMapApi.ts
FN:10,(anonymous_1)
FN:17,(anonymous_2)
FN:29,(anonymous_3)
FNF:3
FNH:3
FNDA:9,(anonymous_1)
FNDA:2,(anonymous_2)
FNDA:3,(anonymous_3)
DA:1,2
DA:2,2
DA:7,9
DA:11,9
DA:12,1
DA:14,8
DA:18,2
DA:19,2
DA:20,1
DA:30,3
DA:31,3
DA:32,2
DA:42,2
LF:13
LH:13
BRDA:11,0,0,1
BRDA:22,1,0,1
BRDA:22,1,1,0
BRDA:22,2,0,0
BRDA:22,2,1,1
BRDA:22,3,0,1
BRDA:22,3,1,1
BRDA:34,4,0,2
BRDA:34,4,1,1
BRDA:34,5,0,1
BRDA:34,5,1,1
BRDA:34,6,0,2
BRDA:34,6,1,2
BRF:13
BRH:11
end_of_record
TN:
SF:src\features\weather\controllers\weather.controller.ts
FN:11,(anonymous_3)
FN:18,(anonymous_4)
FN:35,(anonymous_5)
FN:45,(anonymous_6)
FN:50,(anonymous_7)
FNF:5
FNH:3
FNDA:2,(anonymous_3)
FNDA:0,(anonymous_4)
FNDA:1,(anonymous_5)
FNDA:1,(anonymous_6)
FNDA:0,(anonymous_7)
DA:2,1
DA:4,1
DA:5,1
DA:6,1
DA:8,1
DA:11,2
DA:12,2
DA:13,2
DA:14,2
DA:18,1
DA:19,0
DA:20,0
DA:21,0
DA:22,0
DA:23,0
DA:25,0
DA:26,0
DA:27,0
DA:28,0
DA:30,0
DA:31,0
DA:35,1
DA:36,1
DA:37,0
DA:38,0
DA:40,1
DA:41,1
DA:45,1
DA:46,1
DA:47,1
DA:51,0
DA:52,0
DA:53,0
DA:55,0
DA:56,0
DA:60,1
LF:36
LH:18
BRDA:19,0,0,0
BRDA:19,0,1,0
BRDA:19,1,0,0
BRDA:19,1,1,0
BRDA:20,2,0,0
BRDA:25,3,0,0
BRDA:25,3,1,0
BRDA:25,4,0,0
BRDA:25,4,1,0
BRDA:26,5,0,0
BRDA:36,6,0,0
BRDA:52,7,0,0
BRF:12
BRH:0
end_of_record
TN:
SF:src\features\weather\repositories\cityRepository.ts
FN:10,(anonymous_1)
FN:15,(anonymous_2)
FN:26,(anonymous_3)
FN:52,(anonymous_4)
FN:74,(anonymous_5)
FN:81,(anonymous_6)
FNF:6
FNH:6
FNDA:3,(anonymous_1)
FNDA:3,(anonymous_2)
FNDA:1,(anonymous_3)
FNDA:1,(anonymous_4)
FNDA:1,(anonymous_5)
FNDA:1,(anonymous_6)
DA:1,2
DA:2,2
DA:6,2
DA:7,2
DA:11,3
DA:12,3
DA:16,3
DA:23,3
DA:27,1
DA:43,1
DA:44,0
DA:46,1
DA:53,1
DA:58,1
DA:59,0
DA:61,1
DA:69,1
DA:70,0
DA:75,1
DA:81,1
DA:85,2
LF:21
LH:18
BRDA:12,0,0,3
BRDA:12,0,1,1
BRDA:23,1,0,3
BRDA:23,1,1,1
BRDA:43,2,0,0
BRDA:58,3,0,0
BRDA:69,4,0,0
BRF:7
BRH:4
end_of_record
TN:
SF:src\features\weather\services\weather.service.ts
FN:10,(anonymous_1)
FN:15,(anonymous_2)
FN:24,(anonymous_3)
FN:33,(anonymous_4)
FN:41,(anonymous_5)
FN:44,(anonymous_6)
FN:51,(anonymous_7)
FNF:7
FNH:7
FNDA:11,(anonymous_1)
FNDA:2,(anonymous_2)
FNDA:5,(anonymous_3)
FNDA:2,(anonymous_4)
FNDA:1,(anonymous_5)
FNDA:2,(anonymous_6)
FNDA:7,(anonymous_7)
DA:1,2
DA:5,2
DA:7,2
DA:11,11
DA:12,11
DA:16,2
DA:17,2
DA:18,1
DA:20,1
DA:21,1
DA:25,5
DA:26,5
DA:27,1
DA:29,4
DA:30,4
DA:34,2
DA:35,2
DA:36,1
DA:38,1
DA:42,1
DA:43,1
DA:45,2
DA:46,2
DA:52,7
DA:53,7
DA:54,7
DA:55,0
DA:57,7
DA:58,7
DA:59,7
DA:63,2
LF:31
LH:30
BRDA:17,0,0,1
BRDA:26,1,0,1
BRDA:35,2,0,1
BRDA:54,3,0,0
BRF:4
BRH:3
end_of_record
TN:
SF:src\features\weather\validation\coordinates.rule.ts
FNF:0
FNH:0
DA:1,1
DA:3,1
LF:2
LH:2
BRF:0
BRH:0
end_of_record
TN:
SF:src\shared\decorators\asyncHandler.decorator.ts
FN:4,asyncMethod
FN:6,(anonymous_2)
FN:24,AsyncClass
FN:25,(anonymous_4)
FNF:4
FNH:2
FNDA:4,asyncMethod
FNDA:4,(anonymous_2)
FNDA:0,AsyncClass
FNDA:0,(anonymous_4)
DA:2,2
DA:4,2
DA:5,4
DA:6,4
DA:7,4
DA:8,4
DA:10,1
DA:11,1
DA:12,0
DA:14,1
DA:15,1
DA:16,1
DA:18,0
DA:21,4
DA:24,2
DA:25,0
DA:26,0
DA:27,0
DA:28,0
DA:29,0
DA:30,0
LF:21
LH:13
BRDA:11,0,0,0
BRDA:15,1,0,1
BRDA:28,2,0,0
BRF:3
BRH:1
end_of_record
TN:
SF:src\shared\decorators\validation.decorator.ts
FN:6,(anonymous_1)
FN:7,(anonymous_2)
FN:9,(anonymous_3)
FNF:3
FNH:3
FNDA:1,(anonymous_1)
FNDA:1,(anonymous_2)
FNDA:2,(anonymous_3)
DA:2,1
DA:3,1
DA:4,1
DA:6,1
DA:7,1
DA:8,1
DA:9,1
DA:10,2
DA:11,2
DA:12,2
DA:13,0
DA:14,0
DA:16,2
DA:17,2
DA:19,1
LF:15
LH:13
BRDA:12,0,0,0
BRF:1
BRH:0
end_of_record
TN:
SF:src\shared\utils\appError.ts
FN:5,(anonymous_0)
FN:16,(anonymous_1)
FN:24,(anonymous_2)
FN:33,(anonymous_3)
FN:40,(anonymous_4)
FNF:5
FNH:5
FNDA:11,(anonymous_0)
FNDA:1,(anonymous_1)
FNDA:4,(anonymous_2)
FNDA:2,(anonymous_3)
FNDA:3,(anonymous_4)
DA:2,7
DA:7,11
DA:8,11
DA:10,11
DA:11,11
DA:12,1
DA:13,1
DA:17,1
DA:25,4
DA:30,4
DA:31,2
DA:33,2
DA:37,4
DA:41,3
DA:45,7
LF:15
LH:15
BRDA:7,0,0,1
BRDA:10,1,0,10
BRDA:10,1,1,1
BRDA:11,2,0,1
BRDA:30,3,0,2
BRDA:30,4,0,4
BRDA:30,4,1,3
BRDA:33,5,0,1
BRDA:33,5,1,1
BRDA:33,6,0,2
BRDA:33,6,1,2
BRF:11
BRH:11
end_of_record
TN:
SF:src\shared\utils\appResponse.ts
FN:5,(anonymous_0)
FN:11,(anonymous_1)
FN:15,(anonymous_2)
FN:24,(anonymous_3)
FNF:4
FNH:1
FNDA:3,(anonymous_0)
FNDA:0,(anonymous_1)
FNDA:0,(anonymous_2)
FNDA:0,(anonymous_3)
DA:1,2
DA:6,3
DA:7,3
DA:8,3
DA:12,0
DA:16,0
DA:25,0
DA:29,2
LF:8
LH:5
BRDA:7,0,0,3
BRF:1
BRH:1
end_of_record
TN:
SF:src\shared\utils\ip.ts
FN:4,cityFromIp
FNF:1
FNH:1
FNDA:3,cityFromIp
DA:1,3
DA:2,3
DA:4,3
DA:5,3
DA:6,3
DA:7,2
DA:9,1
DA:10,1
LF:8
LH:8
BRF:0
BRH:0
end_of_record
TN:
SF:src\shared\utils\logger.ts
FNF:0
FNH:0
DA:1,4
DA:2,4
DA:5,4
DA:9,4
DA:16,4
LF:5
LH:5
BRDA:5,0,0,0
BRDA:5,0,1,4
BRDA:12,1,0,0
BRDA:12,1,1,4
BRF:4
BRH:2
end_of_record
TN:
SF:src\shared\utils\statusCode.ts
FN:1,(anonymous_0)
FN:91,codeToString
FNF:2
FNH:2
FNDA:8,(anonymous_0)
FNDA:49,codeToString
DA:1,8
DA:2,8
DA:3,8
DA:4,8
DA:5,8
DA:6,8
DA:7,8
DA:8,8
DA:9,8
DA:10,8
DA:11,8
DA:12,8
DA:13,8
DA:14,8
DA:15,8
DA:16,8
DA:17,8
DA:18,8
DA:19,8
DA:20,8
DA:21,8
DA:22,8
DA:23,8
DA:24,8
DA:25,8
DA:26,8
DA:27,8
DA:28,8
DA:29,8
DA:30,8
DA:31,8
DA:32,8
DA:33,8
DA:34,8
DA:35,8
DA:36,8
DA:37,8
DA:38,8
DA:39,8
DA:40,8
DA:41,8
DA:42,8
DA:43,8
DA:46,8
DA:91,8
DA:92,49
DA:93,47
DA:95,2
LF:48
LH:48
BRDA:1,0,0,8
BRDA:1,0,1,8
BRDA:92,1,0,47
BRF:3
BRH:3
end_of_record
